Symbol range map extraction starting
Processing 218 files
processing keystrokesmod/client/clickgui/kv/KvCompactGui.java
processing keystrokesmod/client/clickgui/kv/KvComponent.java
processing keystrokesmod/client/clickgui/kv/KvSection.java
processing keystrokesmod/client/clickgui/kv/components/KvBindComponent.java
processing keystrokesmod/client/clickgui/kv/components/KvCategoryComponent.java
processing keystrokesmod/client/clickgui/kv/components/KvComboComponent.java
processing keystrokesmod/client/clickgui/kv/components/KvDescriptionComponent.java
processing keystrokesmod/client/clickgui/kv/components/KvDoubleSliderComponent.java
processing keystrokesmod/client/clickgui/kv/components/KvModuleComponent.java
processing keystrokesmod/client/clickgui/kv/components/KvModuleSection.java
processing keystrokesmod/client/clickgui/kv/components/KvRgbComponent.java
processing keystrokesmod/client/clickgui/kv/components/KvSliderComponent.java
processing keystrokesmod/client/clickgui/kv/components/KvTickComponent.java
processing keystrokesmod/client/clickgui/raven/BlendDraw.java
processing keystrokesmod/client/clickgui/raven/ClickGui.java
processing keystrokesmod/client/clickgui/raven/Component.java
processing keystrokesmod/client/clickgui/raven/Terminal.java
processing keystrokesmod/client/clickgui/raven/components/BindComponent.java
processing keystrokesmod/client/clickgui/raven/components/ButtonComponent.java
processing keystrokesmod/client/clickgui/raven/components/CategoryComponent.java
processing keystrokesmod/client/clickgui/raven/components/ComboComponent.java
processing keystrokesmod/client/clickgui/raven/components/DescriptionComponent.java
processing keystrokesmod/client/clickgui/raven/components/DoubleSliderComponent.java
processing keystrokesmod/client/clickgui/raven/components/ModuleComponent.java
processing keystrokesmod/client/clickgui/raven/components/RGBComponent.java
processing keystrokesmod/client/clickgui/raven/components/SettingComponent.java
processing keystrokesmod/client/clickgui/raven/components/SliderComponent.java
processing keystrokesmod/client/clickgui/raven/components/TickComponent.java
processing keystrokesmod/client/clickgui/theme/Theme.java
processing keystrokesmod/client/clickgui/theme/themes/ArcDark.java
processing keystrokesmod/client/clickgui/theme/themes/MaterialDark.java
processing keystrokesmod/client/clickgui/theme/themes/RavenB3.java
processing keystrokesmod/client/clickgui/theme/themes/Vape.java
processing keystrokesmod/client/command/Command.java
processing keystrokesmod/client/command/CommandManager.java
processing keystrokesmod/client/command/FakePlayerCommand.java
processing keystrokesmod/client/command/commands/CFakeHud.java
processing keystrokesmod/client/command/commands/CHideModule.java
processing keystrokesmod/client/command/commands/Clear.java
processing keystrokesmod/client/command/commands/Cname.java
processing keystrokesmod/client/command/commands/ConfigCommand.java
processing keystrokesmod/client/command/commands/Debug.java
processing keystrokesmod/client/command/commands/Discord.java
processing keystrokesmod/client/command/commands/Duels.java
processing keystrokesmod/client/command/commands/Fakechat.java
processing keystrokesmod/client/command/commands/Friends.java
processing keystrokesmod/client/command/commands/Help.java
processing keystrokesmod/client/command/commands/Nick.java
processing keystrokesmod/client/command/commands/Ping.java
processing keystrokesmod/client/command/commands/SetKey.java
processing keystrokesmod/client/command/commands/Shoutout.java
processing keystrokesmod/client/command/commands/Update.java
processing keystrokesmod/client/command/commands/Uwu.java
processing keystrokesmod/client/command/commands/VersionCommand.java
processing keystrokesmod/client/config/Config.java
processing keystrokesmod/client/config/ConfigManager.java
processing keystrokesmod/client/event/EventDirection.java
processing keystrokesmod/client/event/EventTiming.java
processing keystrokesmod/client/event/forge/ForgeEventListener.java
processing keystrokesmod/client/event/impl/ForgeEvent.java
processing keystrokesmod/client/event/impl/GameLoopEvent.java
processing keystrokesmod/client/event/impl/LookEvent.java
processing keystrokesmod/client/event/impl/MoveInputEvent.java
processing keystrokesmod/client/event/impl/PacketEvent.java
processing keystrokesmod/client/event/impl/Render2DEvent.java
processing keystrokesmod/client/event/impl/TickEvent.java
processing keystrokesmod/client/event/impl/UpdateEvent.java
processing keystrokesmod/client/event/types/CancellableEvent.java
processing keystrokesmod/client/event/types/Event.java
processing keystrokesmod/client/event/types/IEventDirection.java
processing keystrokesmod/client/event/types/IEventTiming.java
processing keystrokesmod/client/main/ClientConfig.java
processing keystrokesmod/client/main/FontRenderer.java
processing keystrokesmod/client/main/Raven.java
processing keystrokesmod/client/mixin/MixinLoader.java
processing keystrokesmod/client/mixin/mixins/IMinecraft.java
processing keystrokesmod/client/mixin/mixins/MixinEntity.java
processing keystrokesmod/client/mixin/mixins/MixinEntity2.java
processing keystrokesmod/client/mixin/mixins/MixinEntityLivingBase.java
processing keystrokesmod/client/mixin/mixins/MixinEntityPlayer.java
processing keystrokesmod/client/mixin/mixins/MixinEntityPlayerSP.java
processing keystrokesmod/client/mixin/mixins/MixinEntityRenderer.java
processing keystrokesmod/client/mixin/mixins/MixinFontRenderer.java
processing keystrokesmod/client/mixin/mixins/MixinGuiMainMenu.java
processing keystrokesmod/client/mixin/mixins/MixinGuiUtilRenderComponents.java
processing keystrokesmod/client/mixin/mixins/MixinMinecraft.java
processing keystrokesmod/client/mixin/mixins/MixinNetworkManager.java
processing keystrokesmod/client/module/GuiModule.java
processing keystrokesmod/client/module/GuiModuleManager.java
processing keystrokesmod/client/module/Module.java
processing keystrokesmod/client/module/ModuleManager.java
processing keystrokesmod/client/module/modules/HUD.java
processing keystrokesmod/client/module/modules/client/FPSSpoofer.java
processing keystrokesmod/client/module/modules/client/FakeHud.java
processing keystrokesmod/client/module/modules/client/GuiModule.java
processing keystrokesmod/client/module/modules/client/SelfDestruct.java
processing keystrokesmod/client/module/modules/client/Targets.java
processing keystrokesmod/client/module/modules/client/Terminal.java
processing keystrokesmod/client/module/modules/client/UpdateCheck.java
processing keystrokesmod/client/module/modules/combat/AimAssist.java
processing keystrokesmod/client/module/modules/combat/AutoBlock.java
processing keystrokesmod/client/module/modules/combat/AutoGHead.java
processing keystrokesmod/client/module/modules/combat/AutoSoup.java
processing keystrokesmod/client/module/modules/combat/AutoWeapon.java
processing keystrokesmod/client/module/modules/combat/BlockHit.java
processing keystrokesmod/client/module/modules/combat/ClickAssist.java
processing keystrokesmod/client/module/modules/combat/DelayRemover.java
processing keystrokesmod/client/module/modules/combat/HitBox.java
processing keystrokesmod/client/module/modules/combat/JumpReset.java
processing keystrokesmod/client/module/modules/combat/LeftClicker.java
processing keystrokesmod/client/module/modules/combat/LegitAura2.java
processing keystrokesmod/client/module/modules/combat/Reach.java
processing keystrokesmod/client/module/modules/combat/STap.java
processing keystrokesmod/client/module/modules/combat/ShiftTap.java
processing keystrokesmod/client/module/modules/combat/Velocity.java
processing keystrokesmod/client/module/modules/combat/WTap.java
processing keystrokesmod/client/module/modules/combat/aura/KillAura.java
processing keystrokesmod/client/module/modules/config/ConfigModule.java
processing keystrokesmod/client/module/modules/config/ConfigModuleManager.java
processing keystrokesmod/client/module/modules/config/ConfigSettings.java
processing keystrokesmod/client/module/modules/hotkey/Armour.java
processing keystrokesmod/client/module/modules/hotkey/Blocks.java
processing keystrokesmod/client/module/modules/hotkey/Healing.java
processing keystrokesmod/client/module/modules/hotkey/Ladders.java
processing keystrokesmod/client/module/modules/hotkey/Pearl.java
processing keystrokesmod/client/module/modules/hotkey/Trajectories.java
processing keystrokesmod/client/module/modules/hotkey/Weapon.java
processing keystrokesmod/client/module/modules/minigames/BedwarsOverlay.java
processing keystrokesmod/client/module/modules/minigames/BridgeInfo.java
processing keystrokesmod/client/module/modules/minigames/DuelsStats.java
processing keystrokesmod/client/module/modules/minigames/MurderMystery.java
processing keystrokesmod/client/module/modules/minigames/SumoFences.java
processing keystrokesmod/client/module/modules/movement/AutoHeader.java
processing keystrokesmod/client/module/modules/movement/Boost.java
processing keystrokesmod/client/module/modules/movement/Fly.java
processing keystrokesmod/client/module/modules/movement/InvMove.java
processing keystrokesmod/client/module/modules/movement/KeepSprint.java
processing keystrokesmod/client/module/modules/movement/LegitSpeed.java
processing keystrokesmod/client/module/modules/movement/NoSlow.java
processing keystrokesmod/client/module/modules/movement/SlyPort.java
processing keystrokesmod/client/module/modules/movement/SpeedTest.java
processing keystrokesmod/client/module/modules/movement/Sprint.java
processing keystrokesmod/client/module/modules/movement/StopMotion.java
processing keystrokesmod/client/module/modules/movement/Timer.java
processing keystrokesmod/client/module/modules/movement/VClip.java
processing keystrokesmod/client/module/modules/other/Disabler.java
processing keystrokesmod/client/module/modules/other/FakeChat.java
processing keystrokesmod/client/module/modules/other/MiddleClick.java
processing keystrokesmod/client/module/modules/other/NameHider.java
processing keystrokesmod/client/module/modules/other/Spin.java
processing keystrokesmod/client/module/modules/other/WaterBucket.java
processing keystrokesmod/client/module/modules/player/AutoArmour.java
processing keystrokesmod/client/module/modules/player/AutoJump.java
processing keystrokesmod/client/module/modules/player/AutoPlace.java
processing keystrokesmod/client/module/modules/player/AutoTool.java
processing keystrokesmod/client/module/modules/player/BedAura.java
processing keystrokesmod/client/module/modules/player/Blink.java
processing keystrokesmod/client/module/modules/player/BridgeAssist.java
processing keystrokesmod/client/module/modules/player/ChestStealer.java
processing keystrokesmod/client/module/modules/player/FallSpeed.java
processing keystrokesmod/client/module/modules/player/FastPlace.java
processing keystrokesmod/client/module/modules/player/Freecam.java
processing keystrokesmod/client/module/modules/player/NoFall.java
processing keystrokesmod/client/module/modules/player/Parkour.java
processing keystrokesmod/client/module/modules/player/RightClicker.java
processing keystrokesmod/client/module/modules/player/SafeWalk.java
processing keystrokesmod/client/module/modules/render/AntiShuffle.java
processing keystrokesmod/client/module/modules/render/Chams.java
processing keystrokesmod/client/module/modules/render/ChestESP.java
processing keystrokesmod/client/module/modules/render/CursorTrail.java
processing keystrokesmod/client/module/modules/render/Fullbright.java
processing keystrokesmod/client/module/modules/render/Nametags.java
processing keystrokesmod/client/module/modules/render/PlayerESP.java
processing keystrokesmod/client/module/modules/render/Projectiles.java
Unmatched newcode end: 4724: // draw end of trajectory line
processing keystrokesmod/client/module/modules/render/Radar.java
processing keystrokesmod/client/module/modules/render/TargetHUD.java
processing keystrokesmod/client/module/modules/render/Tracers.java
processing keystrokesmod/client/module/modules/world/AntiBot.java
processing keystrokesmod/client/module/modules/world/ChatLogger.java
processing keystrokesmod/client/module/modules/world/Scaffold.java
processing keystrokesmod/client/module/setting/Setting.java
processing keystrokesmod/client/module/setting/impl/ButtonSetting.java
processing keystrokesmod/client/module/setting/impl/ComboSetting.java
processing keystrokesmod/client/module/setting/impl/DescriptionSetting.java
processing keystrokesmod/client/module/setting/impl/DoubleSliderSetting.java
processing keystrokesmod/client/module/setting/impl/RGBSetting.java
processing keystrokesmod/client/module/setting/impl/SliderSetting.java
processing keystrokesmod/client/module/setting/impl/TickSetting.java
processing keystrokesmod/client/notifications/Notification.java
processing keystrokesmod/client/notifications/NotificationManager.java
processing keystrokesmod/client/notifications/NotificationRenderer.java
processing keystrokesmod/client/notifications/NotificationType.java
processing keystrokesmod/client/utils/ColorM.java
processing keystrokesmod/client/utils/CombatUtils.java
processing keystrokesmod/client/utils/CoolDown.java
processing keystrokesmod/client/utils/DebugInfoRenderer.java
processing keystrokesmod/client/utils/DimensionHelper.java
processing keystrokesmod/client/utils/MouseManager.java
processing keystrokesmod/client/utils/PingChecker.java
processing keystrokesmod/client/utils/RenderUtils.java
processing keystrokesmod/client/utils/RotationUtil.java
processing keystrokesmod/client/utils/SoundUtils.java
processing keystrokesmod/client/utils/Timer.java
processing keystrokesmod/client/utils/Utils.java
processing keystrokesmod/client/utils/font/CFont.java
processing keystrokesmod/client/utils/font/FontRenderer.java
processing keystrokesmod/client/utils/font/FontUtil.java
processing keystrokesmod/client/utils/profile/PlayerProfile.java
processing keystrokesmod/client/utils/profile/UUID.java
processing keystrokesmod/client/utils/version/Version.java
processing keystrokesmod/client/utils/version/VersionManager.java
processing keystrokesmod/keystroke/KeyStroke.java
processing keystrokesmod/keystroke/KeyStrokeCommand.java
processing keystrokesmod/keystroke/KeyStrokeConfigGui.java
processing keystrokesmod/keystroke/KeyStrokeKeyRenderer.java
processing keystrokesmod/keystroke/KeyStrokeMod.java
processing keystrokesmod/keystroke/KeyStrokeMouse.java
processing keystrokesmod/keystroke/KeyStrokeRenderer.java
